<?xml version="1.0" encoding="UTF-8"?>
<!-- Generated by org.testng.reporters.JUnitReportReporter -->
<testsuite hostname="LAPTOP-MOMFRD5S" failures="0" tests="2" name="TestPack.TestClass2" time="11.538" errors="0" timestamp="2022-07-16T23:39:59 IST" skipped="0">
  <testcase classname="TestPack.TestClass2" name="openAppliances" time="4.739"/>
  <system-out/>
  <testcase classname="TestPack.TestClass2" name="openFlight" time="6.799"/>
  <system-out/>
</testsuite> <!-- TestPack.TestClass2 -->
